0 info it worked if it ends with ok
1 verbose cli [ 'node', '/usr/local/bin/npm', 'publish' ]
2 info using npm@2.11.3
3 info using node@v0.12.7
4 verbose publish [ '.' ]
5 silly cache add args [ '.', null ]
6 verbose cache add spec .
7 silly cache add parsed spec { raw: '.',
7 silly cache add   scope: null,
7 silly cache add   name: null,
7 silly cache add   rawSpec: '.',
7 silly cache add   spec: '/Users/danosborne/Desktop/repos/spice',
7 silly cache add   type: 'directory' }
8 verbose addLocalDirectory /Users/danosborne/.npm/spice-sass/0.7.4/package.tgz not in flight; packing
9 verbose tar pack [ '/Users/danosborne/.npm/spice-sass/0.7.4/package.tgz',
9 verbose tar pack   '/Users/danosborne/Desktop/repos/spice' ]
10 verbose tarball /Users/danosborne/.npm/spice-sass/0.7.4/package.tgz
11 verbose folder /Users/danosborne/Desktop/repos/spice
12 info prepublish spice-sass@0.7.4
13 verbose addLocalTarball adding from inside cache /Users/danosborne/.npm/spice-sass/0.7.4/package.tgz
14 silly cache afterAdd spice-sass@0.7.4
15 verbose afterAdd /Users/danosborne/.npm/spice-sass/0.7.4/package/package.json not in flight; writing
16 verbose afterAdd /Users/danosborne/.npm/spice-sass/0.7.4/package/package.json written
17 silly publish { name: 'spice-sass',
17 silly publish   version: '0.7.4',
17 silly publish   description: 'The sass library for tasty web interfaces. The idea behind it is simple - add as much spice as you like!',
17 silly publish   main: 'src/_spice.scss',
17 silly publish   repository:
17 silly publish    { type: 'git',
17 silly publish      url: 'git+https://github.com/spice-sass/spice.git' },
17 silly publish   keywords:
17 silly publish    [ 'Sass',
17 silly publish      'Scss',
17 silly publish      'UI',
17 silly publish      'Grid',
17 silly publish      'CSS',
17 silly publish      'animations',
17 silly publish      'CSS',
17 silly publish      'mixins',
17 silly publish      'Masonry' ],
17 silly publish   author: { name: 'Dan Osborne' },
17 silly publish   license: 'MIT',
17 silly publish   bugs: { url: 'https://github.com/spice-sass/spice/issues' },
17 silly publish   homepage: 'https://github.com/spice-sass/spice#readme',
17 silly publish   devDependencies:
17 silly publish    { bootcamp: '^1.1.7',
17 silly publish      express: '^4.13.3',
17 silly publish      grunt: '^0.4.5',
17 silly publish      'grunt-contrib-sass': '^0.8.1',
17 silly publish      gulp: '^3.9.0',
17 silly publish      'gulp-bump': '^1.0.0',
17 silly publish      'gulp-clean': '0.3.1',
17 silly publish      'gulp-concat': '^2.6.0',
17 silly publish      'gulp-express': '^0.3.5',
17 silly publish      'gulp-sass': '^2.0.4',
17 silly publish      sassdoc: '^2.1.15',
17 silly publish      yargs: '^3.27.0' },
17 silly publish   readme: '[![Spice](http://spice-sass.github.io/img/spice-logo-2.svg)](http://spice-sass.github.io/)\n\nThe sass library for tasty web interfaces. The idea behind it is simple - add as much spice as you like!\n\n[![Build Status](https://travis-ci.org/spice-sass/spice.svg)](https://travis-ci.org/spice-sass/spice)\n\n## Installation\n\nSpice is available for download via npm or bower.\n\n##### npm\n\n> npm install spice-sass\n\n##### Bower\n\n> bower install spice-sass\n\n## Import\n\nOnce installed you can import spice into your main scss file. Note: the import must be relative to your node_modules/bower_components folder dependent on your chosen method of installation. E.g. for a node installation:\n\n> @import "../node_modules/spice-sass/src/spice";\n\n\n## Dependencies\n\n##### Sass 3.3\n\nSpice uses sass maps so sass version 3.3+ is required. [See here](http://sass-lang.com/install) for sass installation instructions.\n\n## Usage\n\nPlease see the documentation [website here.](http://spice-sass.github.io/documentation)\n\n## Core Features\n\n#### Grid\n\nA powerful & flexible grid system allows you to generate a fluid, class based grid or apply widths to individual selectors with just a few lines of sass.\n\n#### Layout\n\nQuickly create complex layouts with spice mixins for sidebars, sticky headers, masonry grid layouts and much more.\n\n#### Animations\n\nComplex ui interactions with css3 keyframes couldn’t be simpler with spice animation mixins and presets that support css3 transforms.\n\n#### Flat UI\n\nFashionable flat ui interfaces can be created with minimal effort using spice mixins for buttons, tab systems, form elements and much more.\n\n',
17 silly publish   readmeFilename: 'README.md',
17 silly publish   gitHead: 'd5b11783c5e1dd0d3c7e14488bfdcf2a50b9b0fd',
17 silly publish   _id: 'spice-sass@0.7.4',
17 silly publish   scripts: {},
17 silly publish   _shasum: '407eb3fb3072141357fa8b46d398cec4837f56e2',
17 silly publish   _from: '.' }
18 verbose getPublishConfig undefined
19 silly mapToRegistry name spice-sass
20 silly mapToRegistry using default registry
21 silly mapToRegistry registry https://registry.npmjs.org/
22 silly mapToRegistry uri https://registry.npmjs.org/spice-sass
23 verbose publish registryBase https://registry.npmjs.org/
24 silly publish uploading /Users/danosborne/.npm/spice-sass/0.7.4/package.tgz
25 verbose request uri https://registry.npmjs.org/spice-sass
26 verbose request sending authorization for write operation
27 info attempt registry request try #1 at 4:41:53 PM
28 verbose request using bearer token for auth
29 verbose request id 3c3e9eae0a8f7655
30 http request PUT https://registry.npmjs.org/spice-sass
31 http 403 https://registry.npmjs.org/spice-sass
32 verbose headers { 'content-type': 'application/json',
32 verbose headers   'cache-control': 'max-age=60',
32 verbose headers   'content-length': '95',
32 verbose headers   'accept-ranges': 'bytes',
32 verbose headers   date: 'Thu, 19 Nov 2015 16:41:55 GMT',
32 verbose headers   via: '1.1 varnish',
32 verbose headers   connection: 'keep-alive',
32 verbose headers   'x-served-by': 'cache-ams4128-AMS',
32 verbose headers   'x-cache': 'MISS',
32 verbose headers   'x-cache-hits': '0',
32 verbose headers   'x-timer': 'S1447951313.410291,VS0,VE1610' }
33 verbose request invalidating /Users/danosborne/.npm/registry.npmjs.org/spice-sass on PUT
34 error publish Failed PUT 403
35 verbose stack Error: "You cannot publish over the previously published version 0.7.4." : spice-sass
35 verbose stack     at CachingRegistryClient.<anonymous> (/usr/local/lib/node_modules/npm/node_modules/npm-registry-client/lib/request.js:247:14)
35 verbose stack     at Request._callback (/usr/local/lib/node_modules/npm/node_modules/npm-registry-client/lib/request.js:170:14)
35 verbose stack     at Request.self.callback (/usr/local/lib/node_modules/npm/node_modules/request/request.js:354:22)
35 verbose stack     at Request.emit (events.js:110:17)
35 verbose stack     at Request.<anonymous> (/usr/local/lib/node_modules/npm/node_modules/request/request.js:1207:14)
35 verbose stack     at Request.emit (events.js:129:20)
35 verbose stack     at IncomingMessage.<anonymous> (/usr/local/lib/node_modules/npm/node_modules/request/request.js:1153:12)
35 verbose stack     at IncomingMessage.emit (events.js:129:20)
35 verbose stack     at _stream_readable.js:908:16
35 verbose stack     at process._tickCallback (node.js:355:11)
36 verbose statusCode 403
37 verbose pkgid spice-sass
38 verbose cwd /Users/danosborne/Desktop/repos/spice
39 error Darwin 15.0.0
40 error argv "node" "/usr/local/bin/npm" "publish"
41 error node v0.12.7
42 error npm  v2.11.3
43 error code E403
44 error "You cannot publish over the previously published version 0.7.4." : spice-sass
45 error If you need help, you may report this error at:
45 error     <https://github.com/npm/npm/issues>
46 verbose exit [ 1, true ]
